{"/Users/nir/Desktop/goroadie/services/fibonacciService.js": {"path":"/Users/nir/Desktop/goroadie/services/fibonacciService.js","statementMap":{"0":{"start":{"line":1,"column":16},"end":{"line":1,"column":34}},"1":{"start":{"line":2,"column":12},"end":{"line":2,"column":21}},"2":{"start":{"line":3,"column":16},"end":{"line":3,"column":55}},"3":{"start":{"line":4,"column":19},"end":{"line":4,"column":41}},"4":{"start":{"line":5,"column":0},"end":{"line":5,"column":52}},"5":{"start":{"line":8,"column":22},"end":{"line":23,"column":1}},"6":{"start":{"line":9,"column":4},"end":{"line":22,"column":9}},"7":{"start":{"line":10,"column":26},"end":{"line":16,"column":9}},"8":{"start":{"line":11,"column":22},"end":{"line":11,"column":28}},"9":{"start":{"line":12,"column":12},"end":{"line":14,"column":13}},"10":{"start":{"line":12,"column":24},"end":{"line":12,"column":25}},"11":{"start":{"line":13,"column":16},"end":{"line":13,"column":45}},"12":{"start":{"line":15,"column":12},"end":{"line":15,"column":26}},"13":{"start":{"line":17,"column":23},"end":{"line":17,"column":35}},"14":{"start":{"line":18,"column":23},"end":{"line":18,"column":57}},"15":{"start":{"line":19,"column":8},"end":{"line":19,"column":50}},"16":{"start":{"line":21,"column":12},"end":{"line":21,"column":28}},"17":{"start":{"line":25,"column":0},"end":{"line":25,"column":31}}},"fnMap":{"0":{"name":"(anonymous_0)","decl":{"start":{"line":8,"column":22},"end":{"line":8,"column":23}},"loc":{"start":{"line":8,"column":42},"end":{"line":23,"column":1}},"line":8},"1":{"name":"(anonymous_1)","decl":{"start":{"line":10,"column":26},"end":{"line":10,"column":27}},"loc":{"start":{"line":10,"column":33},"end":{"line":16,"column":9}},"line":10}},"branchMap":{},"s":{"0":1,"1":1,"2":1,"3":1,"4":1,"5":1,"6":1,"7":1,"8":0,"9":0,"10":0,"11":0,"12":0,"13":1,"14":0,"15":0,"16":1,"17":1},"f":{"0":1,"1":0},"b":{},"_coverageSchema":"1a1c01bbd47fc00a2c39e90264f33305004495a9","hash":"6a4ab48e51f93f3629a3c4d2835eb6bbbd78113d"}
}
